{
  "RSpec": {
    "coverage": {
      "/Users/malachispencer/coding/makers/oystercard/spec/journey_log_spec.rb": {
        "lines": [
          1,
          null,
          1,
          3,
          null,
          1,
          1,
          1,
          1,
          null,
          null,
          null,
          1,
          1,
          4,
          1,
          null,
          1,
          3,
          null,
          null,
          null,
          null
        ]
      },
      "/Users/malachispencer/coding/makers/oystercard/lib/journey_log.rb": {
        "lines": [
          1,
          1,
          11,
          null,
          null,
          1,
          4,
          null,
          null,
          1,
          2,
          null,
          null
        ]
      },
      "/Users/malachispencer/coding/makers/oystercard/spec/journey_spec.rb": {
        "lines": [
          1,
          null,
          1,
          1,
          3,
          3,
          3,
          null,
          1,
          1,
          null,
          null,
          1,
          1,
          null,
          null,
          1,
          1,
          null,
          null,
          1,
          1,
          null,
          null,
          null,
          1,
          1,
          2,
          null,
          null,
          1,
          2,
          4,
          null,
          null,
          null,
          1,
          1,
          2,
          null,
          null,
          1,
          2,
          4,
          null,
          null,
          null,
          1,
          6,
          5,
          5,
          5,
          null,
          1,
          1,
          2,
          null,
          null,
          1,
          3,
          1,
          1,
          4,
          null,
          null,
          1,
          3,
          1,
          1,
          4,
          null,
          null,
          1,
          2,
          1,
          4,
          null,
          null,
          1,
          2,
          null,
          null,
          null
        ]
      },
      "/Users/malachispencer/coding/makers/oystercard/lib/journey.rb": {
        "lines": [
          1,
          1,
          1,
          null,
          1,
          1,
          null,
          1,
          13,
          13,
          13,
          13,
          13,
          13,
          null,
          null,
          1,
          5,
          4,
          null,
          null,
          1,
          4,
          3,
          null,
          null,
          1,
          6,
          5,
          5,
          5,
          5,
          5,
          5,
          null,
          null,
          1,
          null,
          1,
          2,
          null,
          null,
          1,
          5,
          null,
          2,
          null,
          null,
          1,
          5,
          null,
          null,
          1,
          5,
          null,
          null,
          1,
          5,
          null,
          null,
          1,
          6,
          null,
          null
        ]
      },
      "/Users/malachispencer/coding/makers/oystercard/spec/oystercard_spec.rb": {
        "lines": [
          1,
          null,
          1,
          1,
          1,
          1,
          null,
          null,
          null,
          1,
          1,
          1,
          null,
          null,
          1,
          4,
          null,
          null,
          1,
          1,
          2,
          null,
          null,
          null,
          1,
          3,
          null,
          1,
          2,
          null,
          null,
          1,
          1,
          2,
          1,
          null,
          null,
          null,
          1,
          2,
          null,
          1,
          1,
          2,
          1,
          null,
          null,
          null,
          1,
          1,
          1,
          2,
          null,
          null,
          1,
          1,
          2,
          4,
          null,
          null,
          null
        ]
      },
      "/Users/malachispencer/coding/makers/oystercard/lib/oystercard.rb": {
        "lines": [
          1,
          1,
          1,
          null,
          1,
          1,
          null,
          1,
          1,
          1,
          null,
          1,
          9,
          9,
          null,
          null,
          1,
          7,
          6,
          null,
          null,
          1,
          2,
          1,
          null,
          null,
          1,
          1,
          null,
          null,
          1,
          2,
          1,
          null,
          null,
          1,
          0,
          null,
          null,
          1,
          0,
          null,
          null,
          1,
          null,
          1,
          7,
          null,
          null,
          1,
          2,
          null,
          null,
          1,
          1,
          null,
          null
        ]
      },
      "/Users/malachispencer/coding/makers/oystercard/lib/station.rb": {
        "lines": [
          1,
          1,
          null,
          1,
          1,
          16,
          16,
          16,
          null,
          null,
          1,
          3,
          null,
          null,
          1,
          1,
          null,
          null,
          1,
          null,
          1,
          16,
          16,
          16,
          null,
          null
        ]
      },
      "/Users/malachispencer/coding/makers/oystercard/modules/stations.rb": {
        "lines": [
          1,
          null,
          null,
          1,
          null,
          null,
          null,
          null,
          null,
          null,
          null,
          null,
          null,
          null,
          null,
          null,
          null,
          1,
          17,
          null,
          null
        ]
      },
      "/Users/malachispencer/coding/makers/oystercard/spec/station_spec.rb": {
        "lines": [
          1,
          null,
          1,
          1,
          1,
          1,
          null,
          null,
          1,
          1,
          null,
          null,
          null
        ]
      },
      "/Users/malachispencer/coding/makers/oystercard/spec/stations_spec.rb": {
        "lines": [
          1,
          null,
          1,
          1,
          1,
          1,
          null,
          null,
          null
        ]
      }
    },
    "timestamp": 1604658412
  }
}
